<?xml version="1.0" encoding="UTF-8"?>
<testsuite name="com.dragonslair.bcintredux.scryfall.ScryfallServiceTests" tests="1" skipped="0" failures="0" errors="0" timestamp="2022-01-16T23:11:16" hostname="WELLMAC01.local" time="0.439">
  <properties/>
  <testcase name="getCardByIdCallsAsExpected()" classname="com.dragonslair.bcintredux.scryfall.ScryfallServiceTests" time="0.439"/>
  <system-out><![CDATA[http://localhost:53417/api/
18:11:16.439 [Test worker] DEBUG reactor.util.Loggers - Using Slf4j logging framework
18:11:16.454 [Test worker] DEBUG io.netty.util.internal.logging.InternalLoggerFactory - Using SLF4J as the default logging framework
18:11:16.456 [Test worker] DEBUG io.netty.util.internal.PlatformDependent0 - -Dio.netty.noUnsafe: false
18:11:16.456 [Test worker] DEBUG io.netty.util.internal.PlatformDependent0 - Java version: 17
18:11:16.458 [Test worker] DEBUG io.netty.util.internal.PlatformDependent0 - sun.misc.Unsafe.theUnsafe: available
18:11:16.458 [Test worker] DEBUG io.netty.util.internal.PlatformDependent0 - sun.misc.Unsafe.copyMemory: available
18:11:16.458 [Test worker] DEBUG io.netty.util.internal.PlatformDependent0 - java.nio.Buffer.address: available
18:11:16.459 [Test worker] DEBUG io.netty.util.internal.PlatformDependent0 - direct buffer constructor: unavailable: Reflective setAccessible(true) disabled
18:11:16.459 [Test worker] DEBUG io.netty.util.internal.PlatformDependent0 - java.nio.Bits.unaligned: available, true
18:11:16.460 [Test worker] DEBUG io.netty.util.internal.PlatformDependent0 - jdk.internal.misc.Unsafe.allocateUninitializedArray(int): unavailable: class io.netty.util.internal.PlatformDependent0$6 cannot access class jdk.internal.misc.Unsafe (in module java.base) because module java.base does not export jdk.internal.misc to unnamed module @5aebe890
18:11:16.461 [Test worker] DEBUG io.netty.util.internal.PlatformDependent0 - java.nio.DirectByteBuffer.<init>(long, int): unavailable
18:11:16.461 [Test worker] DEBUG io.netty.util.internal.PlatformDependent - sun.misc.Unsafe: available
18:11:16.472 [Test worker] DEBUG io.netty.util.internal.PlatformDependent - maxDirectMemory: 536870912 bytes (maybe)
18:11:16.472 [Test worker] DEBUG io.netty.util.internal.PlatformDependent - -Dio.netty.tmpdir: /var/folders/n4/p8lc8hhd7cz1fwb4lb7rtwbh0000gp/T (java.io.tmpdir)
18:11:16.472 [Test worker] DEBUG io.netty.util.internal.PlatformDependent - -Dio.netty.bitMode: 64 (sun.arch.data.model)
18:11:16.473 [Test worker] DEBUG io.netty.util.internal.PlatformDependent - Platform: MacOS
18:11:16.473 [Test worker] DEBUG io.netty.util.internal.PlatformDependent - -Dio.netty.maxDirectMemory: -1 bytes
18:11:16.473 [Test worker] DEBUG io.netty.util.internal.PlatformDependent - -Dio.netty.uninitializedArrayAllocationThreshold: -1
18:11:16.474 [Test worker] DEBUG io.netty.util.internal.CleanerJava9 - java.nio.ByteBuffer.cleaner(): available
18:11:16.474 [Test worker] DEBUG io.netty.util.internal.PlatformDependent - -Dio.netty.noPreferDirect: false
18:11:16.484 [Test worker] DEBUG reactor.netty.tcp.TcpResources - [http] resources will use the default LoopResources: DefaultLoopResources {prefix=reactor-http, daemon=true, selectCount=12, workerCount=12}
18:11:16.484 [Test worker] DEBUG reactor.netty.tcp.TcpResources - [http] resources will use the default ConnectionProvider: reactor.netty.resources.DefaultPooledConnectionProvider@561868a0
18:11:16.515 [Test worker] DEBUG io.netty.util.ResourceLeakDetector - -Dio.netty.leakDetection.level: simple
18:11:16.515 [Test worker] DEBUG io.netty.util.ResourceLeakDetector - -Dio.netty.leakDetection.targetRecords: 4
]]></system-out>
  <system-err><![CDATA[]]></system-err>
</testsuite>
